# JRE version: OpenJDK Runtime Environment (21.0.4) (build 21.0.4+-12508038-b607.1)
# Java VM: OpenJDK 64-Bit Server VM (21.0.4+-12508038-b607.1, mixed mode, tiered, compressed oops, compressed class ptrs, g1 gc, windows-amd64)
GC Precious Log:
 CardTable entry size: 512
 Card Set container configuration: InlinePtr #cards 5 size 8 Array Of Cards #cards 12 size 40 Howl #buckets 4 coarsen threshold 1843 Howl Bitmap #cards 512 size 80 coarsen threshold 460 Card regions per heap region 1 cards per card region 2048
 CPUs: 12 total, 12 available
 Memory: 7860M
 Large Page Support: Disabled
 NUMA Support: Disabled
 Compressed Oops: Enabled (32-bit)
 Heap Region Size: 1M
 Heap Min Capacity: 8M
 Heap Initial Capacity: 124M
 Heap Max Capacity: 2G
 Pre-touch: Disabled
 Parallel Workers: 10
 Concurrent Workers: 3
 Concurrent Refinement Workers: 10
 Periodic GC: Disabled
Heap:
 garbage-first heap   total 429056K, used 346257K [0x0000000080000000, 0x0000000100000000)
  region size 1024K, 82 young (83968K), 14 survivors (14336K)
 Metaspace       used 217815K, committed 220800K, reserved 1245184K
  class space    used 28585K, committed 30080K, reserved 1048576K
GC Heap History (20 events):
Event: 105.367 GC heap before
{Heap before GC invocations=65 (full 0):
 garbage-first heap   total 321536K, used 270411K [0x0000000080000000, 0x0000000100000000)
  region size 1024K, 84 young (86016K), 10 survivors (10240K)
 Metaspace       used 166063K, committed 168704K, reserved 1245184K
  class space    used 21500K, committed 22848K, reserved 1048576K
}
Event: 105.380 GC heap after
{Heap after GC invocations=66 (full 0):
 garbage-first heap   total 321536K, used 200429K [0x0000000080000000, 0x0000000100000000)
  region size 1024K, 10 young (10240K), 10 survivors (10240K)
 Metaspace       used 166063K, committed 168704K, reserved 1245184K
  class space    used 21500K, committed 22848K, reserved 1048576K
}
Event: 108.301 GC heap before
{Heap before GC invocations=67 (full 0):
 garbage-first heap   total 339968K, used 293613K [0x0000000080000000, 0x0000000100000000)
  region size 1024K, 99 young (101376K), 10 survivors (10240K)
 Metaspace       used 176281K, committed 179008K, reserved 1245184K
  class space    used 22788K, committed 24192K, reserved 1048576K
}
Event: 108.316 GC heap after
{Heap after GC invocations=68 (full 0):
 garbage-first heap   total 339968K, used 203538K [0x0000000080000000, 0x0000000100000000)
  region size 1024K, 9 young (9216K), 9 survivors (9216K)
 Metaspace       used 176281K, committed 179008K, reserved 1245184K
  class space    used 22788K, committed 24192K, reserved 1048576K
}
Event: 110.051 GC heap before
{Heap before GC invocations=68 (full 0):
 garbage-first heap   total 339968K, used 316178K [0x0000000080000000, 0x0000000100000000)
  region size 1024K, 115 young (117760K), 9 survivors (9216K)
 Metaspace       used 179031K, committed 181824K, reserved 1245184K
  class space    used 23029K, committed 24448K, reserved 1048576K
}
Event: 110.070 GC heap after
{Heap after GC invocations=69 (full 0):
 garbage-first heap   total 339968K, used 207120K [0x0000000080000000, 0x0000000100000000)
  region size 1024K, 12 young (12288K), 12 survivors (12288K)
 Metaspace       used 179031K, committed 181824K, reserved 1245184K
  class space    used 23029K, committed 24448K, reserved 1048576K
}
Event: 664.510 GC heap before
{Heap before GC invocations=69 (full 0):
 garbage-first heap   total 339968K, used 307472K [0x0000000080000000, 0x0000000100000000)
  region size 1024K, 111 young (113664K), 12 survivors (12288K)
 Metaspace       used 182775K, committed 185600K, reserved 1245184K
  class space    used 23472K, committed 24896K, reserved 1048576K
}
Event: 664.766 GC heap after
{Heap after GC invocations=70 (full 0):
 garbage-first heap   total 339968K, used 212187K [0x0000000080000000, 0x0000000100000000)
  region size 1024K, 6 young (6144K), 6 survivors (6144K)
 Metaspace       used 182775K, committed 185600K, reserved 1245184K
  class space    used 23472K, committed 24896K, reserved 1048576K
}
Event: 677.639 GC heap before
{Heap before GC invocations=71 (full 0):
 garbage-first heap   total 355328K, used 313563K [0x0000000080000000, 0x0000000100000000)
  region size 1024K, 106 young (108544K), 6 survivors (6144K)
 Metaspace       used 186144K, committed 189056K, reserved 1245184K
  class space    used 23963K, committed 25472K, reserved 1048576K
}
Event: 677.705 GC heap after
{Heap after GC invocations=72 (full 0):
 garbage-first heap   total 355328K, used 221925K [0x0000000080000000, 0x0000000100000000)
  region size 1024K, 14 young (14336K), 14 survivors (14336K)
 Metaspace       used 186144K, committed 189056K, reserved 1245184K
  class space    used 23963K, committed 25472K, reserved 1048576K
}
Event: 681.682 GC heap before
{Heap before GC invocations=72 (full 0):
 garbage-first heap   total 355328K, used 321253K [0x0000000080000000, 0x0000000100000000)
  region size 1024K, 112 young (114688K), 14 survivors (14336K)
 Metaspace       used 186582K, committed 189440K, reserved 1245184K
  class space    used 24027K, committed 25472K, reserved 1048576K
}
Event: 681.872 GC heap after
{Heap after GC invocations=73 (full 0):
 garbage-first heap   total 355328K, used 229050K [0x0000000080000000, 0x0000000100000000)
  region size 1024K, 9 young (9216K), 9 survivors (9216K)
 Metaspace       used 186582K, committed 189440K, reserved 1245184K
  class space    used 24027K, committed 25472K, reserved 1048576K
}
Event: 683.501 GC heap before
{Heap before GC invocations=73 (full 0):
 garbage-first heap   total 355328K, used 274106K [0x0000000080000000, 0x0000000100000000)
  region size 1024K, 55 young (56320K), 9 survivors (9216K)
 Metaspace       used 188706K, committed 191552K, reserved 1245184K
  class space    used 24336K, committed 25792K, reserved 1048576K
}
Event: 683.527 GC heap after
{Heap after GC invocations=74 (full 0):
 garbage-first heap   total 355328K, used 237073K [0x0000000080000000, 0x0000000100000000)
  region size 1024K, 9 young (9216K), 9 survivors (9216K)
 Metaspace       used 188706K, committed 191552K, reserved 1245184K
  class space    used 24336K, committed 25792K, reserved 1048576K
}
Event: 688.879 GC heap before
{Heap before GC invocations=75 (full 0):
 garbage-first heap   total 399360K, used 329233K [0x0000000080000000, 0x0000000100000000)
  region size 1024K, 94 young (96256K), 9 survivors (9216K)
 Metaspace       used 196518K, committed 199424K, reserved 1245184K
  class space    used 25350K, committed 26816K, reserved 1048576K
}
Event: 688.905 GC heap after
{Heap after GC invocations=76 (full 0):
 garbage-first heap   total 399360K, used 240323K [0x0000000080000000, 0x0000000100000000)
  region size 1024K, 4 young (4096K), 4 survivors (4096K)
 Metaspace       used 196518K, committed 199424K, reserved 1245184K
  class space    used 25350K, committed 26816K, reserved 1048576K
}
Event: 698.352 GC heap before
{Heap before GC invocations=76 (full 0):
 garbage-first heap   total 399360K, used 363203K [0x0000000080000000, 0x0000000100000000)
  region size 1024K, 125 young (128000K), 4 survivors (4096K)
 Metaspace       used 204348K, committed 207232K, reserved 1245184K
  class space    used 26445K, committed 27904K, reserved 1048576K
}
Event: 698.411 GC heap after
{Heap after GC invocations=77 (full 0):
 garbage-first heap   total 399360K, used 236115K [0x0000000080000000, 0x0000000100000000)
  region size 1024K, 8 young (8192K), 8 survivors (8192K)
 Metaspace       used 204348K, committed 207232K, reserved 1245184K
  class space    used 26445K, committed 27904K, reserved 1048576K
}
Event: 705.821 GC heap before
{Heap before GC invocations=77 (full 0):
 garbage-first heap   total 399360K, used 337491K [0x0000000080000000, 0x0000000100000000)
  region size 1024K, 109 young (111616K), 8 survivors (8192K)
 Metaspace       used 215434K, committed 218432K, reserved 1245184K
  class space    used 28293K, committed 29824K, reserved 1048576K
}
Event: 705.851 GC heap after
{Heap after GC invocations=78 (full 0):
 garbage-first heap   total 399360K, used 241809K [0x0000000080000000, 0x0000000100000000)
  region size 1024K, 14 young (14336K), 14 survivors (14336K)
 Metaspace       used 215434K, committed 218432K, reserved 1245184K
  class space    used 28293K, committed 29824K, reserved 1048576K
}

